{
  "RSpec": {
    "coverage": {
      "/app/config/environment.rb": [
        null,
        1,
        null,
        null,
        1
      ],
      "/app/config/application.rb": [
        1,
        null,
        1,
        null,
        null,
        null,
        1,
        null,
        1,
        1,
        null,
        1,
        null,
        null,
        null,
        null,
        null,
        null,
        null
      ],
      "/app/config/boot.rb": [
        1,
        null,
        1,
        1
      ],
      "/app/config/environments/test.rb": [
        1,
        null,
        null,
        null,
        null,
        null,
        null,
        1,
        null,
        null,
        null,
        null,
        1,
        null,
        null,
        1,
        1,
        null,
        null,
        null,
        null,
        1,
        1,
        null,
        null,
        1,
        null,
        null,
        1,
        null,
        null,
        1,
        null,
        1,
        null,
        null,
        null,
        null,
        1,
        null,
        null,
        1,
        null,
        null,
        null,
        null
      ],
      "/app/config/initializers/application_controller_renderer.rb": [
        null,
        null,
        null,
        null,
        null,
        null,
        null,
        null
      ],
      "/app/config/initializers/assets.rb": [
        null,
        null,
        null,
        1,
        null,
        null,
        null,
        null,
        1,
        null,
        null,
        null,
        null,
        null
      ],
      "/app/config/initializers/backtrace_silencers.rb": [
        null,
        null,
        null,
        null,
        null,
        null,
        null
      ],
      "/app/config/initializers/content_security_policy.rb": [
        null,
        null,
        null,
        null,
        null,
        null,
        null,
        null,
        null,
        null,
        null,
        null,
        null,
        null,
        null,
        null,
        null,
        null,
        null,
        null,
        null,
        null,
        null,
        null,
        null
      ],
      "/app/config/initializers/cookies_serializer.rb": [
        null,
        null,
        null,
        null,
        1
      ],
      "/app/config/initializers/filter_parameter_logging.rb": [
        null,
        null,
        null,
        1
      ],
      "/app/config/initializers/inflections.rb": [
        null,
        null,
        null,
        null,
        null,
        null,
        null,
        null,
        null,
        null,
        null,
        null,
        null,
        null,
        null,
        null
      ],
      "/app/config/initializers/mime_types.rb": [
        null,
        null,
        null,
        null
      ],
      "/app/config/initializers/wrap_parameters.rb": [
        null,
        null,
        null,
        null,
        null,
        null,
        1,
        2,
        null,
        null,
        null,
        null,
        null,
        null
      ],
      "/app/config/routes.rb": [
        null,
        null,
        1,
        null,
        1,
        null
      ],
      "/app/app/helpers/api/v1/ping_helper.rb": [
        1,
        null
      ],
      "/app/app/helpers/application_helper.rb": [
        1,
        null
      ],
      "/app/app/controllers/api/v1/ping_controller.rb": [
        null,
        null,
        1,
        1,
        1,
        1,
        2,
        null,
        null,
        null,
        null
      ],
      "/app/app/controllers/application_controller.rb": [
        1,
        null
      ],
      "/app/spec/helpers/api/v1/ping_helper_spec.rb": [
        1,
        null,
        null,
        null,
        null,
        null,
        null,
        null,
        null,
        null,
        null,
        null,
        null,
        null,
        null
      ],
      "/app/spec/requests/api/v1/ping_spec.rb": [
        null,
        null,
        1,
        null,
        1,
        1,
        2,
        null,
        1,
        1,
        1,
        null,
        null,
        null
      ],
      "/app/spec/routing/v1/ping_spec.rb": [
        null,
        null,
        1,
        null,
        1,
        2,
        2,
        null,
        2,
        1,
        1,
        null,
        null,
        null
      ]
    },
    "timestamp": 1578955424
  }
}
